<?xml version="1.0" encoding="UTF-8"?>
<testsuite name="com.chinapex.api.router.HelloTest" tests="1" skipped="0" failures="0" errors="0" timestamp="2016-08-02T02:04:57" hostname="ning-X555LI" time="0.907">
  <properties/>
  <testcase name="/hello test should return hello-&gt;world" classname="com.chinapex.api.router.HelloTest" time="0.907"/>
  <system-out><![CDATA[10:04:56.130 [Test worker] DEBUG org.eclipse.jetty.util.log - Logging to Logger[org.eclipse.jetty.util.log] via org.eclipse.jetty.util.log.Slf4jLog
10:04:56.158 [Test worker] DEBUG o.e.jetty.servlet.ServletHandler - filterNameMap={}
10:04:56.158 [Test worker] DEBUG o.e.jetty.servlet.ServletHandler - pathFilters=null
10:04:56.158 [Test worker] DEBUG o.e.jetty.servlet.ServletHandler - servletFilterMap=null
10:04:56.158 [Test worker] DEBUG o.e.jetty.servlet.ServletHandler - servletPathMap={/=default}
10:04:56.158 [Test worker] DEBUG o.e.jetty.servlet.ServletHandler - servletNameMap={default=default}
10:04:56.397 [Test worker] DEBUG o.e.jetty.util.component.Container - Container org.eclipse.jetty.server.Server@71eacb9a + SelectChannelConnector@0.0.0.0:0 as connector
10:04:56.398 [Test worker] DEBUG o.e.jetty.util.component.Container - Container org.eclipse.jetty.server.Server@71eacb9a + o.e.j.s.ServletContextHandler{/,file:/home/ning/gradle_test/api/src/main/webapp/} as handler
10:04:56.399 [Test worker] DEBUG o.e.j.u.component.AbstractLifeCycle - starting org.eclipse.jetty.server.Server@71eacb9a
10:04:56.399 [Test worker] INFO  org.eclipse.jetty.server.Server - jetty-8.1.10.v20130312
10:04:56.417 [Test worker] DEBUG o.e.jetty.util.component.Container - Container org.eclipse.jetty.server.Server@71eacb9a + qtp59794413{8<=0<=0/254,-1} as threadpool
10:04:56.417 [Test worker] DEBUG o.e.j.u.component.AbstractLifeCycle - starting o.e.j.s.ServletContextHandler{/,file:/home/ning/gradle_test/api/src/main/webapp/}
10:04:56.443 [Test worker] DEBUG o.e.jetty.util.component.Container - Container org.eclipse.jetty.servlet.ServletHandler@11a6f764 + default as servlet
10:04:56.443 [Test worker] DEBUG o.e.jetty.util.component.Container - Container org.eclipse.jetty.servlet.ServletHandler@11a6f764 + [/]=>default as servletMapping
10:04:56.444 [Test worker] DEBUG o.e.jetty.util.component.Container - Container org.eclipse.jetty.server.session.SessionHandler@5a9919f9 + org.eclipse.jetty.servlet.ServletHandler@11a6f764 as handler
10:04:56.444 [Test worker] DEBUG o.e.jetty.util.component.Container - Container org.eclipse.jetty.server.session.SessionHandler@5a9919f9 + org.eclipse.jetty.server.session.HashSessionManager@6f92707e as sessionManager
10:04:56.444 [Test worker] DEBUG o.e.jetty.util.component.Container - Container o.e.j.s.ServletContextHandler{/,file:/home/ning/gradle_test/api/src/main/webapp/} + org.eclipse.jetty.server.session.SessionHandler@5a9919f9 as handler
10:04:56.444 [Test worker] DEBUG o.e.j.u.component.AbstractLifeCycle - starting org.eclipse.jetty.server.session.SessionHandler@5a9919f9
10:04:56.444 [Test worker] DEBUG o.e.j.u.component.AbstractLifeCycle - starting org.eclipse.jetty.server.session.HashSessionManager@6f92707e
10:04:56.446 [Test worker] DEBUG o.e.jetty.util.component.Container - Container org.eclipse.jetty.server.Server@71eacb9a + org.eclipse.jetty.server.session.HashSessionIdManager@24584306 as sessionIdManager
10:04:56.447 [Test worker] DEBUG o.e.j.u.component.AbstractLifeCycle - starting org.eclipse.jetty.server.session.HashSessionIdManager@24584306
10:04:56.448 [Test worker] DEBUG o.e.j.u.component.AbstractLifeCycle - STARTED org.eclipse.jetty.server.session.HashSessionIdManager@24584306
10:04:56.451 [Test worker] DEBUG o.e.j.u.component.AbstractLifeCycle - STARTED org.eclipse.jetty.server.session.HashSessionManager@6f92707e
10:04:56.452 [Test worker] DEBUG o.e.j.u.component.AbstractLifeCycle - starting org.eclipse.jetty.servlet.ServletHandler@11a6f764
10:04:56.452 [Test worker] DEBUG o.e.jetty.servlet.ServletHandler - filterNameMap={}
10:04:56.452 [Test worker] DEBUG o.e.jetty.servlet.ServletHandler - pathFilters=null
10:04:56.452 [Test worker] DEBUG o.e.jetty.servlet.ServletHandler - servletFilterMap=null
10:04:56.452 [Test worker] DEBUG o.e.jetty.servlet.ServletHandler - servletPathMap={/=default}
10:04:56.452 [Test worker] DEBUG o.e.jetty.servlet.ServletHandler - servletNameMap={default=default}
10:04:56.452 [Test worker] DEBUG o.e.j.server.handler.AbstractHandler - starting org.eclipse.jetty.servlet.ServletHandler@11a6f764
10:04:56.453 [Test worker] DEBUG o.e.j.u.component.AbstractLifeCycle - STARTED org.eclipse.jetty.servlet.ServletHandler@11a6f764
10:04:56.453 [Test worker] DEBUG o.e.j.server.handler.AbstractHandler - starting org.eclipse.jetty.server.session.SessionHandler@5a9919f9
10:04:56.453 [Test worker] DEBUG o.e.j.u.component.AbstractLifeCycle - STARTED org.eclipse.jetty.server.session.SessionHandler@5a9919f9
10:04:56.453 [Test worker] DEBUG o.e.j.server.handler.AbstractHandler - starting o.e.j.s.ServletContextHandler{/,file:/home/ning/gradle_test/api/src/main/webapp/}
10:04:56.453 [Test worker] DEBUG o.e.j.u.component.AbstractLifeCycle - starting default
10:04:56.458 [Test worker] DEBUG o.e.j.u.component.AbstractLifeCycle - STARTED default
10:04:56.459 [Test worker] DEBUG o.e.j.u.component.AbstractLifeCycle - STARTED o.e.j.s.ServletContextHandler{/,file:/home/ning/gradle_test/api/src/main/webapp/}
10:04:56.459 [Test worker] DEBUG o.e.j.server.handler.AbstractHandler - starting org.eclipse.jetty.server.Server@71eacb9a
10:04:56.459 [Test worker] DEBUG o.e.j.u.component.AbstractLifeCycle - starting qtp59794413{8<=0<=0/254,-1}
10:04:56.495 [Test worker] DEBUG o.e.j.u.component.AbstractLifeCycle - STARTED qtp59794413{8<=4<=8/254,0}
10:04:56.495 [Test worker] DEBUG o.e.j.u.component.AbstractLifeCycle - starting SelectChannelConnector@0.0.0.0:0
10:04:56.502 [Test worker] DEBUG o.e.j.u.component.AbstractLifeCycle - starting null/null
10:04:56.506 [Test worker] DEBUG o.e.j.u.component.AbstractLifeCycle - STARTED PooledBuffers [0/1024@6144,0/1024@16384,0/1024@-]/PooledBuffers [0/1024@6144,0/1024@32768,0/1024@-]
10:04:56.506 [Test worker] DEBUG o.e.j.u.component.AbstractLifeCycle - starting org.eclipse.jetty.server.nio.SelectChannelConnector$ConnectorSelectorManager@61edcd33
10:04:56.513 [Test worker] DEBUG o.e.j.u.component.AbstractLifeCycle - STARTED org.eclipse.jetty.server.nio.SelectChannelConnector$ConnectorSelectorManager@61edcd33
10:04:56.513 [qtp59794413-14 Selector0] DEBUG org.eclipse.jetty.io.nio - Starting Thread[qtp59794413-14 Selector0,5,main] on org.eclipse.jetty.io.nio.SelectorManager$1@49c49f85
10:04:56.516 [Test worker] INFO  o.e.jetty.server.AbstractConnector - Started SelectChannelConnector@0.0.0.0:38615
10:04:56.516 [Test worker] DEBUG o.e.j.u.component.AbstractLifeCycle - STARTED SelectChannelConnector@0.0.0.0:38615
10:04:56.516 [Test worker] DEBUG o.e.j.u.component.AbstractLifeCycle - STARTED org.eclipse.jetty.server.Server@71eacb9a
10:04:57.140 [ScalaTest-running-HelloTest] DEBUG o.e.jetty.util.component.Container - Container org.eclipse.jetty.servlet.ServletHandler@11a6f764 + com.chinapex.api.testPrepare.FixturesPreparer$$anon$1-1896368733 as servlet
10:04:57.141 [ScalaTest-running-HelloTest] DEBUG o.e.jetty.util.component.Container - Container org.eclipse.jetty.servlet.ServletHandler@11a6f764 + [/*]=>com.chinapex.api.testPrepare.FixturesPreparer$$anon$1-1896368733 as servletMapping
10:04:57.141 [ScalaTest-running-HelloTest] DEBUG o.e.jetty.servlet.ServletHandler - filterNameMap={}
10:04:57.141 [ScalaTest-running-HelloTest] DEBUG o.e.jetty.servlet.ServletHandler - pathFilters=null
10:04:57.141 [ScalaTest-running-HelloTest] DEBUG o.e.jetty.servlet.ServletHandler - servletFilterMap=null
10:04:57.141 [ScalaTest-running-HelloTest] DEBUG o.e.jetty.servlet.ServletHandler - servletPathMap={/*=com.chinapex.api.testPrepare.FixturesPreparer$$anon$1-1896368733, /=default}
10:04:57.141 [ScalaTest-running-HelloTest] DEBUG o.e.jetty.servlet.ServletHandler - servletNameMap={default=default, com.chinapex.api.testPrepare.FixturesPreparer$$anon$1-1896368733=com.chinapex.api.testPrepare.FixturesPreparer$$anon$1-1896368733}
10:04:57.141 [ScalaTest-running-HelloTest] DEBUG o.e.j.u.component.AbstractLifeCycle - starting com.chinapex.api.testPrepare.FixturesPreparer$$anon$1-1896368733
10:04:57.142 [ScalaTest-running-HelloTest] DEBUG o.e.j.u.component.AbstractLifeCycle - STARTED com.chinapex.api.testPrepare.FixturesPreparer$$anon$1-1896368733
10:04:57.295 [qtp59794413-14 Selector0] DEBUG org.eclipse.jetty.io.nio - created SCEP@1a77856c{l(/127.0.0.1:54650)<->r(/127.0.0.1:38615),d=false,open=true,ishut=false,oshut=false,rb=false,wb=false,w=true,i=0}-{AsyncHttpConnection@4c27a4a,g=HttpGenerator{s=0,h=-1,b=-1,c=-1},p=HttpParser{s=-14,l=0,c=0},r=0}
10:04:57.297 [qtp59794413-18] DEBUG org.eclipse.jetty.http.HttpParser - filled 118/118
10:04:57.302 [qtp59794413-18 - /hello] DEBUG org.eclipse.jetty.server.Server - REQUEST /hello on AsyncHttpConnection@4c27a4a,g=HttpGenerator{s=0,h=-1,b=-1,c=-1},p=HttpParser{s=-5,l=34,c=0},r=1
10:04:57.303 [qtp59794413-18 - /hello] DEBUG o.e.j.server.handler.ContextHandler - scope null||/hello @ o.e.j.s.ServletContextHandler{/,file:/home/ning/gradle_test/api/src/main/webapp/}
10:04:57.303 [qtp59794413-18 - /hello] DEBUG o.e.j.server.handler.ContextHandler - context=||/hello @ o.e.j.s.ServletContextHandler{/,file:/home/ning/gradle_test/api/src/main/webapp/}
10:04:57.305 [qtp59794413-18 - /hello] DEBUG org.eclipse.jetty.server.session - sessionManager=org.eclipse.jetty.server.session.HashSessionManager@6f92707e
10:04:57.306 [qtp59794413-18 - /hello] DEBUG org.eclipse.jetty.server.session - session=null
10:04:57.306 [qtp59794413-18 - /hello] DEBUG o.e.jetty.servlet.ServletHandler - servlet ||/hello -> com.chinapex.api.testPrepare.FixturesPreparer$$anon$1-1896368733
10:04:57.307 [qtp59794413-18 - /hello] DEBUG o.e.jetty.servlet.ServletHandler - chain=null
10:04:57.517 [qtp59794413-18 - /hello] INFO  com.chinapex.api.api.ApiService - GET 1470103497319 /hello 200 198
10:04:57.518 [qtp59794413-18 - /hello] DEBUG org.eclipse.jetty.server.Server - RESPONSE /hello  200 handled=true
10:04:57.519 [qtp59794413-18] DEBUG o.e.jetty.server.AsyncHttpConnection - Enabled read interest SCEP@1a77856c{l(/127.0.0.1:54650)<->r(/127.0.0.1:38615),d=true,open=true,ishut=false,oshut=false,rb=false,wb=false,w=true,i=0}-{AsyncHttpConnection@4c27a4a,g=HttpGenerator{s=4,h=0,b=0,c=-1},p=HttpParser{s=0,l=34,c=0},r=1}
10:04:57.523 [qtp59794413-18] DEBUG org.eclipse.jetty.http.HttpParser - filled 0/0
10:04:57.544 [qtp59794413-14 Selector0] DEBUG org.eclipse.jetty.io.nio - created SCEP@7b54817f{l(/127.0.0.1:54652)<->r(/127.0.0.1:38615),d=false,open=true,ishut=false,oshut=false,rb=false,wb=false,w=true,i=0}-{AsyncHttpConnection@5dae379c,g=HttpGenerator{s=0,h=-1,b=-1,c=-1},p=HttpParser{s=-14,l=0,c=0},r=0}
10:04:57.545 [qtp59794413-20] DEBUG org.eclipse.jetty.http.HttpParser - filled 0/0
10:04:57.545 [qtp59794413-17] DEBUG org.eclipse.jetty.http.HttpParser - filled 118/118
10:04:57.546 [qtp59794413-17 - /hello] DEBUG org.eclipse.jetty.server.Server - REQUEST /hello on AsyncHttpConnection@5dae379c,g=HttpGenerator{s=0,h=-1,b=-1,c=-1},p=HttpParser{s=-5,l=34,c=0},r=1
10:04:57.546 [qtp59794413-17 - /hello] DEBUG o.e.j.server.handler.ContextHandler - scope null||/hello @ o.e.j.s.ServletContextHandler{/,file:/home/ning/gradle_test/api/src/main/webapp/}
10:04:57.547 [qtp59794413-17 - /hello] DEBUG o.e.j.server.handler.ContextHandler - context=||/hello @ o.e.j.s.ServletContextHandler{/,file:/home/ning/gradle_test/api/src/main/webapp/}
10:04:57.547 [qtp59794413-17 - /hello] DEBUG org.eclipse.jetty.server.session - sessionManager=org.eclipse.jetty.server.session.HashSessionManager@6f92707e
10:04:57.547 [qtp59794413-17 - /hello] DEBUG org.eclipse.jetty.server.session - session=null
10:04:57.547 [qtp59794413-17 - /hello] DEBUG o.e.jetty.servlet.ServletHandler - servlet ||/hello -> com.chinapex.api.testPrepare.FixturesPreparer$$anon$1-1896368733
10:04:57.547 [qtp59794413-17 - /hello] DEBUG o.e.jetty.servlet.ServletHandler - chain=null
10:04:57.551 [qtp59794413-17 - /hello] INFO  com.chinapex.api.api.ApiService - GET 1470103497547 /hello 200 3
10:04:57.554 [qtp59794413-17 - /hello] DEBUG org.eclipse.jetty.server.Server - RESPONSE /hello  200 handled=true
10:04:57.555 [qtp59794413-17] DEBUG o.e.jetty.server.AsyncHttpConnection - Enabled read interest SCEP@7b54817f{l(/127.0.0.1:54652)<->r(/127.0.0.1:38615),d=true,open=true,ishut=false,oshut=false,rb=false,wb=false,w=true,i=1r}-{AsyncHttpConnection@5dae379c,g=HttpGenerator{s=4,h=0,b=0,c=-1},p=HttpParser{s=0,l=34,c=0},r=1}
10:04:57.556 [qtp59794413-17] DEBUG org.eclipse.jetty.http.HttpParser - filled 0/0
10:04:58.061 [Test worker] DEBUG o.e.j.u.component.AbstractLifeCycle - stopping org.eclipse.jetty.server.Server@71eacb9a
10:04:58.061 [Test worker] DEBUG o.e.j.u.component.AbstractLifeCycle - stopping SelectChannelConnector@0.0.0.0:38615
10:04:58.062 [Test worker] DEBUG o.e.j.u.component.AbstractLifeCycle - stopping org.eclipse.jetty.server.nio.SelectChannelConnector$ConnectorSelectorManager@61edcd33
10:04:58.062 [qtp59794413-14 Selector0] DEBUG org.eclipse.jetty.io.nio - Stopped Thread[qtp59794413-14 Selector0,5,main] on org.eclipse.jetty.io.nio.SelectorManager$1@49c49f85
10:04:58.073 [Test worker] DEBUG o.e.jetty.io.nio.ChannelEndPoint - close SCEP@1a77856c{l(/127.0.0.1:54650)<->r(/127.0.0.1:38615),d=false,open=true,ishut=false,oshut=false,rb=false,wb=false,w=true,i=1}-{AsyncHttpConnection@4c27a4a,g=HttpGenerator{s=0,h=-1,b=-1,c=-1},p=HttpParser{s=-14,l=0,c=-3},r=1}
10:04:58.074 [Test worker] DEBUG o.e.jetty.io.nio.ChannelEndPoint - close SCEP@7b54817f{l(/127.0.0.1:54652)<->r(/127.0.0.1:38615),d=false,open=true,ishut=false,oshut=false,rb=false,wb=false,w=true,i=1r}-{AsyncHttpConnection@5dae379c,g=HttpGenerator{s=0,h=-1,b=-1,c=-1},p=HttpParser{s=-14,l=0,c=-3},r=1}
10:04:58.075 [Test worker] DEBUG o.e.j.u.component.AbstractLifeCycle - STOPPED org.eclipse.jetty.server.nio.SelectChannelConnector$ConnectorSelectorManager@61edcd33
10:04:58.075 [Test worker] DEBUG o.e.j.u.component.AbstractLifeCycle - stopping PooledBuffers [1/1024@6144,0/1024@16384,0/1024@-]/PooledBuffers [1/1024@6144,1/1024@32768,0/1024@-]
10:04:58.075 [Test worker] DEBUG o.e.j.u.component.AbstractLifeCycle - STOPPED null/null
10:04:58.076 [Test worker] DEBUG o.e.j.u.component.AbstractLifeCycle - STOPPED SelectChannelConnector@0.0.0.0:0
10:04:58.076 [Test worker] DEBUG o.e.j.u.component.AbstractLifeCycle - stopping o.e.j.s.ServletContextHandler{/,file:/home/ning/gradle_test/api/src/main/webapp/}
10:04:58.076 [Test worker] DEBUG o.e.j.u.component.AbstractLifeCycle - stopping org.eclipse.jetty.server.session.SessionHandler@5a9919f9
10:04:58.076 [Test worker] DEBUG o.e.j.u.component.AbstractLifeCycle - stopping org.eclipse.jetty.server.session.HashSessionManager@6f92707e
10:04:58.076 [Test worker] DEBUG o.e.j.u.component.AbstractLifeCycle - STOPPED org.eclipse.jetty.server.session.HashSessionManager@6f92707e
10:04:58.076 [Test worker] DEBUG o.e.j.u.component.AbstractLifeCycle - stopping org.eclipse.jetty.servlet.ServletHandler@11a6f764
10:04:58.077 [Test worker] DEBUG o.e.j.server.handler.AbstractHandler - stopping org.eclipse.jetty.servlet.ServletHandler@11a6f764
10:04:58.077 [Test worker] DEBUG o.e.j.u.component.AbstractLifeCycle - stopping com.chinapex.api.testPrepare.FixturesPreparer$$anon$1-1896368733
10:04:58.077 [Test worker] DEBUG o.e.j.u.component.AbstractLifeCycle - STOPPED com.chinapex.api.testPrepare.FixturesPreparer$$anon$1-1896368733
10:04:58.077 [Test worker] DEBUG o.e.j.u.component.AbstractLifeCycle - stopping default
10:04:58.077 [Test worker] DEBUG o.e.j.u.component.AbstractLifeCycle - STOPPED default
10:04:58.077 [Test worker] DEBUG o.e.j.u.component.AbstractLifeCycle - STOPPED org.eclipse.jetty.servlet.ServletHandler@11a6f764
10:04:58.077 [Test worker] DEBUG o.e.j.server.handler.AbstractHandler - stopping org.eclipse.jetty.server.session.SessionHandler@5a9919f9
10:04:58.077 [Test worker] DEBUG o.e.j.u.component.AbstractLifeCycle - STOPPED org.eclipse.jetty.server.session.SessionHandler@5a9919f9
10:04:58.077 [Test worker] DEBUG o.e.j.server.handler.AbstractHandler - stopping o.e.j.s.ServletContextHandler{/,file:/home/ning/gradle_test/api/src/main/webapp/}
10:04:58.078 [Test worker] INFO  o.e.j.server.handler.ContextHandler - stopped o.e.j.s.ServletContextHandler{/,file:/home/ning/gradle_test/api/src/main/webapp/}
10:04:58.078 [Test worker] DEBUG o.e.jetty.util.component.Container - Container o.e.j.s.ServletContextHandler{/,file:/home/ning/gradle_test/api/src/main/webapp/} - org.eclipse.jetty.server.session.SessionHandler@5a9919f9 as handler
10:04:58.078 [Test worker] DEBUG o.e.j.u.component.AbstractLifeCycle - STOPPED o.e.j.s.ServletContextHandler{/,file:/home/ning/gradle_test/api/src/main/webapp/}
10:04:58.078 [Test worker] DEBUG o.e.j.server.handler.AbstractHandler - stopping org.eclipse.jetty.server.Server@71eacb9a
10:04:58.078 [Test worker] DEBUG o.e.j.u.component.AbstractLifeCycle - stopping org.eclipse.jetty.server.session.HashSessionIdManager@24584306
10:04:58.078 [Test worker] DEBUG o.e.j.u.component.AbstractLifeCycle - STOPPED org.eclipse.jetty.server.session.HashSessionIdManager@24584306
10:04:58.078 [Test worker] DEBUG o.e.j.u.component.AbstractLifeCycle - stopping qtp59794413{8<=8<=8/254,0}
10:04:58.129 [Test worker] DEBUG o.e.j.u.component.AbstractLifeCycle - STOPPED qtp59794413{8<=0<=0/254,0}
10:04:58.130 [Test worker] DEBUG o.e.j.u.component.AbstractLifeCycle - STOPPED org.eclipse.jetty.server.Server@71eacb9a
]]></system-out>
  <system-err><![CDATA[八月 02, 2016 10:04:56 上午 org.glassfish.grizzly.servlet.WebappContext deploy
信息: Starting application [api] ...
八月 02, 2016 10:04:56 上午 org.glassfish.grizzly.servlet.WebappContext initServlets
信息: [api] Servlet [com.chinapex.api.Launcher$$anon$1] registered for url pattern(s) [[/*]].
八月 02, 2016 10:04:56 上午 org.glassfish.grizzly.servlet.WebappContext deploy
信息: Application [api] is ready to service requests.  Root: [/api].
八月 02, 2016 10:04:56 上午 org.glassfish.grizzly.http.server.NetworkListener start
信息: Started listener bound to [0.0.0.0:1947]
八月 02, 2016 10:04:56 上午 org.glassfish.grizzly.http.server.HttpServer start
信息: [HttpServer] Started.
]]></system-err>
</testsuite>
